<?xml version="1.0" encoding="UTF-8"?>
<!-- Generated by org.testng.reporters.JUnitReportReporter -->
<testsuite hostname="LAPTOP-J4FJO7B7" failures="0" tests="1" name="TestRunner.TestRunner" time="8.367" errors="0" timestamp="2024-09-09T08:47:55 IST" skipped="0">
  <testcase classname="TestRunner.TestRunner" name="runScenario" time="8.367"/>
  <system-out/>
</testsuite> <!-- TestRunner.TestRunner -->
