<?xml version="1.0" encoding="UTF-8"?>
<!-- Generated by org.testng.reporters.JUnitReportReporter -->
<testsuite hostname="LAPTOP-J4FJO7B7" failures="0" tests="2" name="TestRunner.TestRunner" time="5.031" errors="0" timestamp="2023-09-23T18:25:17 IST" skipped="0">
  <testcase classname="TestRunner.TestRunner" name="runScenario" time="3.019"/>
  <system-out/>
  <testcase classname="TestRunner.TestRunner" name="runScenario" time="2.012"/>
  <system-out/>
</testsuite> <!-- TestRunner.TestRunner -->
